<?xml version="1.0" encoding="UTF-8"?>
<!-- Generated by org.testng.reporters.JUnitXMLReporter -->
<testsuite ignored="2" hostname="DESKTOP-1GQ8CG3" failures="0" tests="1" name="Default test" time="29.761" errors="0" timestamp="2025-07-15T22:59:54 IST">
  <testcase classname="day4.tests.Start" name="testScript1" time="9.671"/>
  <testcase classname="day4.tests.Start" name="testScript2" time="0.0">
    <ignored/>
  </testcase> <!-- testScript2 -->
  <testcase classname="day4.tests.Start" name="testScript3" time="0.0">
    <ignored/>
  </testcase> <!-- testScript3 -->
</testsuite> <!-- Default test -->
