<?xml version="1.0" encoding="UTF-8"?>
<testng-results ignored="2" total="3" passed="1" failed="0" skipped="0">
  <reporter-output>
  </reporter-output>
  <suite started-at="2025-07-15T22:59:24 IST" name="Default suite" finished-at="2025-07-15T22:59:54 IST" duration-ms="29761">
    <groups>
    </groups>
    <test started-at="2025-07-15T22:59:24 IST" name="Default test" finished-at="2025-07-15T22:59:54 IST" duration-ms="29761">
      <class name="day4.tests.Start">
        <test-method is-config="true" signature="launch()[pri:0, instance:day4.tests.Start@9597028]" started-at="2025-07-15T22:59:25 IST" name="launch" finished-at="2025-07-15T22:59:44 IST" duration-ms="19711" status="PASS">
          <reporter-output>
          </reporter-output>
        </test-method> <!-- launch -->
        <test-method signature="testScript1()[pri:0, instance:day4.tests.Start@9597028]" started-at="2025-07-15T22:59:44 IST" name="testScript1" finished-at="2025-07-15T22:59:54 IST" duration-ms="9671" status="PASS">
          <reporter-output>
          </reporter-output>
        </test-method> <!-- testScript1 -->
        <test-method is-config="true" signature="teardown()[pri:0, instance:day4.tests.Start@9597028]" started-at="2025-07-15T22:59:54 IST" name="teardown" finished-at="2025-07-15T22:59:54 IST" duration-ms="279" status="PASS">
          <reporter-output>
          </reporter-output>
        </test-method> <!-- teardown -->
      </class> <!-- day4.tests.Start -->
    </test> <!-- Default test -->
  </suite> <!-- Default suite -->
</testng-results>
