<?xml version="1.0" encoding="UTF-8"?>
<testng-results ignored="2" total="3" passed="1" failed="0" skipped="0">
  <reporter-output>
  </reporter-output>
  <suite started-at="2025-07-16T09:35:14 IST" name="Default suite" finished-at="2025-07-16T09:35:25 IST" duration-ms="10691">
    <groups>
    </groups>
    <test started-at="2025-07-16T09:35:14 IST" name="Default test" finished-at="2025-07-16T09:35:25 IST" duration-ms="10691">
      <class name="day4.tests.Start">
        <test-method is-config="true" signature="launch()[pri:0, instance:day4.tests.Start@9597028]" started-at="2025-07-16T09:35:14 IST" name="launch" finished-at="2025-07-16T09:35:19 IST" duration-ms="4371" status="PASS">
          <reporter-output>
          </reporter-output>
        </test-method> <!-- launch -->
        <test-method signature="testScript2()[pri:0, instance:day4.tests.Start@9597028]" started-at="2025-07-16T09:35:19 IST" name="testScript2" finished-at="2025-07-16T09:35:24 IST" duration-ms="5698" status="PASS">
          <reporter-output>
          </reporter-output>
        </test-method> <!-- testScript2 -->
        <test-method is-config="true" signature="teardown()[pri:0, instance:day4.tests.Start@9597028]" started-at="2025-07-16T09:35:24 IST" name="teardown" finished-at="2025-07-16T09:35:25 IST" duration-ms="545" status="PASS">
          <reporter-output>
          </reporter-output>
        </test-method> <!-- teardown -->
      </class> <!-- day4.tests.Start -->
    </test> <!-- Default test -->
  </suite> <!-- Default suite -->
</testng-results>
